gpasm-0.13.4 beta               main.asm    11-9-2008  01:07:49          PAGE  1


LOC  OBJECT CODE     LINE SOURCE TEXT
  VALUE
 
               00001 ;--------------------------------------------------------
               00002 ; File Created by SDCC : FreeWare ANSI-C Compiler
               00003 ; Version 2.6.0 #4309 (Sep 23 2007)
               00004 ; This file generated Sun Nov  9 01:07:48 2008
               00005 ;--------------------------------------------------------
               00006 ; PIC16 port for the Microchip 16-bit core micros
               00007 ;--------------------------------------------------------
               00008         list    p=18f1320
300000 0000    00009         __config 0x300001, 0xf8
               00010         __config 0x300002, 0xf2
300002 0000    00011         __config 0x300003, 0xfe
300004 0000    00012         __config 0x300005, 0xff
300006 0000    00013         __config 0x300006, 0xfa
               00014         __config 0x300008, 0xff
300008 0000    00015         __config 0x300009, 0xff
               00016         __config 0x30000a, 0xff
30000A 0000    00017         __config 0x30000b, 0xff
               00018         __config 0x30000c, 0xff
30000C 0000    00019         __config 0x30000d, 0xff
               00020 
               00021         radix dec
               00022 
               00023 ;--------------------------------------------------------
               00024 ; public variables in this module
               00025 ;--------------------------------------------------------
               00026         global _stack
               00027         global _stack_end
               00028         global _non_pwm_tasks_divider
               00029         global ___ivt_high_int
               00030         global _high_int
               00031         global __tmr0_handler
               00032         global _main
               00033 
               00034 ;--------------------------------------------------------
               00035 ; extern variables in this module
               00036 ;--------------------------------------------------------
               00037         extern _PORTAbits
               00038         extern _PORTBbits
               00039         extern _LATAbits
               00040         extern _LATBbits
               00041         extern _TRISAbits
               00042         extern _TRISBbits
               00043         extern _PIE1bits
               00044         extern _PIR1bits
               00045         extern _IPR1bits
               00046         extern _PIE2bits
               00047         extern _PIR2bits
               00048         extern _IPR2bits
               00049         extern _EECON1bits
               00050         extern _RCSTAbits
               00051         extern _TXSTAbits
               00052         extern _T3CONbits
               00053         extern _ECCPASbits
               00054         extern _CCP1CONbits
gpasm-0.13.4 beta               main.asm    11-9-2008  01:07:49          PAGE  2


LOC  OBJECT CODE     LINE SOURCE TEXT
  VALUE
 
               00055         extern _ADCON2bits
               00056         extern _ADCON1bits
               00057         extern _ADCON0bits
               00058         extern _T2CONbits
               00059         extern _T1CONbits
               00060         extern _RCONbits
               00061         extern _WDTCONbits
               00062         extern _LVDCONbits
               00063         extern _OSCCONbits
               00064         extern _STATUSbits
               00065         extern _INTCON3bits
               00066         extern _INTCON2bits
               00067         extern _INTCONbits
               00068         extern _STKPTRbits
               00069         extern _hours_meter
               00070         extern _mins_meter
               00071         extern _secs_meter
               00072         extern _eeprom_data
               00073         extern _PORTA
               00074         extern _PORTB
               00075         extern _LATA
               00076         extern _LATB
               00077         extern _TRISA
               00078         extern _TRISB
               00079         extern _PIE1
               00080         extern _PIR1
               00081         extern _IPR1
               00082         extern _PIE2
               00083         extern _PIR2
               00084         extern _IPR2
               00085         extern _EECON1
               00086         extern _EECON2
               00087         extern _EEDATA
               00088         extern _EEADR
               00089         extern _BAUDCTL
               00090         extern _RCSTA
               00091         extern _TXSTA
               00092         extern _TXREG
               00093         extern _RCREG
               00094         extern _SPBRG
               00095         extern _SPBRGH
               00096         extern _T3CON
               00097         extern _TMR3L
               00098         extern _TMR3H
               00099         extern _ECCPAS
               00100         extern _CCP1CON
               00101         extern _CCPR1L
               00102         extern _CCPR1H
               00103         extern _ADCON2
               00104         extern _ADCON1
               00105         extern _ADCON0
               00106         extern _ADRESL
               00107         extern _ADRESH
               00108         extern _T2CON
gpasm-0.13.4 beta               main.asm    11-9-2008  01:07:49          PAGE  3


LOC  OBJECT CODE     LINE SOURCE TEXT
  VALUE
 
               00109         extern _PR2
               00110         extern _TMR2
               00111         extern _T1CON
               00112         extern _TMR1L
               00113         extern _TMR1H
               00114         extern _RCON
               00115         extern _WDTCON
               00116         extern _LVDCON
               00117         extern _OSCCON
               00118         extern _T0CON
               00119         extern _TMR0L
               00120         extern _TMR0H
               00121         extern _STATUS
               00122         extern _FSR2L
               00123         extern _FSR2H
               00124         extern _PLUSW2
               00125         extern _PREINC2
               00126         extern _POSTDEC2
               00127         extern _POSTINC2
               00128         extern _INDF2
               00129         extern _BSR
               00130         extern _FSR1L
               00131         extern _FSR1H
               00132         extern _PLUSW1
               00133         extern _PREINC1
               00134         extern _POSTDEC1
               00135         extern _POSTINC1
               00136         extern _INDF1
               00137         extern _WREG
               00138         extern _FSR0L
               00139         extern _FSR0H
               00140         extern _PLUSW0
               00141         extern _PREINC0
               00142         extern _POSTDEC0
               00143         extern _POSTINC0
               00144         extern _INDF0
               00145         extern _INTCON3
               00146         extern _INTCON2
               00147         extern _INTCON
               00148         extern _PRODL
               00149         extern _PRODH
               00150         extern _TABLAT
               00151         extern _TBLPTRL
               00152         extern _TBLPTRH
               00153         extern _TBLPTRU
               00154         extern _PCL
               00155         extern _PCLATH
               00156         extern _PCLATU
               00157         extern _STKPTR
               00158         extern _TOSL
               00159         extern _TOSH
               00160         extern _TOSU
               00161         extern _init_meters
               00162         extern _do_meters
gpasm-0.13.4 beta               main.asm    11-9-2008  01:07:49          PAGE  4


LOC  OBJECT CODE     LINE SOURCE TEXT
  VALUE
 
               00163         extern _init_time
               00164         extern _do_time_int
               00165         extern _init_user
               00166         extern _check_for_user_input
               00167         extern _init_eeprom
               00168         extern _save_eeprom_if_needed
               00169 ;--------------------------------------------------------
               00170 ;       Equates to used internal registers
               00171 ;--------------------------------------------------------
  00000FD8     00172 STATUS  equ     0xfd8
  00000FFA     00173 PCLATH  equ     0xffa
  00000FFB     00174 PCLATU  equ     0xffb
  00000FE8     00175 WREG    equ     0xfe8
  00000FE0     00176 BSR     equ     0xfe0
  00000FE9     00177 FSR0L   equ     0xfe9
  00000FEA     00178 FSR0H   equ     0xfea
  00000FE1     00179 FSR1L   equ     0xfe1
  00000FD9     00180 FSR2L   equ     0xfd9
  00000FE5     00181 POSTDEC1        equ     0xfe5
  00000FE4     00182 PREINC1 equ     0xfe4
  00000FF3     00183 PRODL   equ     0xff3
  00000FF4     00184 PRODH   equ     0xff4
               00185 
               00186 udata_main_0    udata
               00187 _non_pwm_tasks_divider  res     1
               00188 
               00189 
               00190 ustat_main_00   udata   0X0080
               00191 _stack  res     31
               00192 _stack_end      res     1
               00193 
               00194 ;--------------------------------------------------------
               00195 ; interrupt vector 
               00196 ;--------------------------------------------------------
               00197 
               00198 ;--------------------------------------------------------
               00199 ; global & static initialisations
               00200 ;--------------------------------------------------------
               00201 ; ; Starting pCode block
               00202 S_main____ivt_high_int  code    0X000008
0008           00203 ___ivt_high_int:
               00204         
0008 EF00 F000 00205         goto _high_int 
               00206         
               00207 ; ; Starting pCode block
               00208 S_main__high_int        code
0000           00209 _high_int:
0000 B400      00210         btfsc _INTCON, 2 
0002 EF00 F000 00211         goto __tmr0_handler
0006 0010      00212         retfie 
               00213         
               00214 ; ; Starting pCode block
               00215 S_main___tmr0_handler   code
0000           00216 __tmr0_handler:
gpasm-0.13.4 beta               main.asm    11-9-2008  01:07:49          PAGE  5


LOC  OBJECT CODE     LINE SOURCE TEXT
  VALUE
 
               00217 ;       .line   56; main.c      SIGHANDLER(_tmr0_handler)
0000 CFE8 FFE5 00218         MOVFF   WREG, POSTDEC1
0004 CFD8 FFE5 00219         MOVFF   STATUS, POSTDEC1
0008 CFE0 FFE5 00220         MOVFF   BSR, POSTDEC1
000C CFF3 FFE5 00221         MOVFF   PRODL, POSTDEC1
0010 CFF4 FFE5 00222         MOVFF   PRODH, POSTDEC1
0014 CFE9 FFE5 00223         MOVFF   FSR0L, POSTDEC1
0018 CFEA FFE5 00224         MOVFF   FSR0H, POSTDEC1
001C CFFA FFE5 00225         MOVFF   PCLATH, POSTDEC1
0020 CFFB FFE5 00226         MOVFF   PCLATU, POSTDEC1
0024 0000      00227         BANKSEL _non_pwm_tasks_divider
               00228 ;       .line   59; main.c      non_pwm_tasks_divider--;
0026 0700      00229         DECF    _non_pwm_tasks_divider, F, B
               00230 ;       .line   60; main.c      if (!non_pwm_tasks_divider){
0028 5100      00231         MOVF    _non_pwm_tasks_divider, W, B
002A E100      00232         BNZ     _00114_DS_
               00233 ;       .line   61; main.c      check_for_user_input();
002C EC00 F000 00234         CALL    _check_for_user_input
               00235 ;       .line   62; main.c      do_time_int();
0030 EC00 F000 00236         CALL    _do_time_int
0034           00237 _00114_DS_:
               00238 ;       .line   65; main.c      do_meters();
0034 EC00 F000 00239         CALL    _do_meters
               00240 ;       .line   67; main.c      save_eeprom_if_needed();
0038 EC00 F000 00241         CALL    _save_eeprom_if_needed
               00242 ;       .line   70; main.c      INTCONbits.T0IF = 0;
003C 9400      00243         BCF     _INTCONbits, 2
003E CFE4 FFFB 00244         MOVFF   PREINC1, PCLATU
0042 CFE4 FFFA 00245         MOVFF   PREINC1, PCLATH
0046 CFE4 FFEA 00246         MOVFF   PREINC1, FSR0H
004A CFE4 FFE9 00247         MOVFF   PREINC1, FSR0L
004E CFE4 FFF4 00248         MOVFF   PREINC1, PRODH
0052 CFE4 FFF3 00249         MOVFF   PREINC1, PRODL
0056 CFE4 FFE0 00250         MOVFF   PREINC1, BSR
005A CFE4 FFD8 00251         MOVFF   PREINC1, STATUS
005E CFE4 FFE8 00252         MOVFF   PREINC1, WREG
0062 0010      00253         RETFIE  
               00254 
               00255 ; I code from now on!
               00256 ; ; Starting pCode block
               00257 S_main__main    code
0000           00258 _main:
               00259 ;       .line   75; main.c      OSCCON = b(01110000);
0000 0E70      00260         MOVLW   0x70
0002 6E00      00261         MOVWF   _OSCCON
               00262 ;       .line   78; main.c      TRISA = 0x00;
0004 6A00      00263         CLRF    _TRISA
               00264 ;       .line   79; main.c      TRISB = 0x00;
0006 6A00      00265         CLRF    _TRISB
               00266 ;       .line   82; main.c      ADCON1 = 0x7F;
0008 0E7F      00267         MOVLW   0x7f
000A 6E00      00268         MOVWF   _ADCON1
               00269 ;       .line   85; main.c      init_eeprom();
000C EC00 F000 00270         CALL    _init_eeprom
gpasm-0.13.4 beta               main.asm    11-9-2008  01:07:49          PAGE  6


LOC  OBJECT CODE     LINE SOURCE TEXT
  VALUE
 
               00271 ;       .line   86; main.c      init_time();
0010 EC00 F000 00272         CALL    _init_time
               00273 ;       .line   87; main.c      init_meters();
0014 EC00 F000 00274         CALL    _init_meters
               00275 ;       .line   88; main.c      init_user();
0018 EC00 F000 00276         CALL    _init_user
               00277 ;       .line   91; main.c      INTCONbits.T0IF = 0;
001C 9400      00278         BCF     _INTCONbits, 2
               00279 ;       .line   92; main.c      INTCONbits.T0IE = 1;
001E 8A00      00280         BSF     _INTCONbits, 5
               00281 ;       .line   93; main.c      INTCONbits.GIE = 1;
0020 8E00      00282         BSF     _INTCONbits, 7
               00283 ;       .line   94; main.c      T0CON = b(11001000); 
0022 0EC8      00284         MOVLW   0xc8
0024 6E00      00285         MOVWF   _T0CON
0026           00286 _00120_DS_:
               00287 ;       .line   97; main.c      while (1){
0026 D000      00288         BRA     _00120_DS_
0028 0012      00289         RETURN  
               00290 
               00291 
               00292 
               00293 ; Statistics:
               00294 ; code size:      156 (0x009c) bytes ( 0.12%)
               00295 ;                  78 (0x004e) words
               00296 ; udata size:      33 (0x0021) bytes (51.56%)
               00297 ; access size:      0 (0x0000) bytes
               00298 
               00299 
gpasm-0.13.4 beta               main.asm    11-9-2008  01:07:49          PAGE  7


SYMBOL TABLE
  LABEL                             VALUE 

BSR                               00000FE0
FSR0H                             00000FEA
FSR0L                             00000FE9
FSR1L                             00000FE1
FSR2L                             00000FD9
PCLATH                            00000FFA
PCLATU                            00000FFB
POSTDEC1                          00000FE5
PREINC1                           00000FE4
PRODH                             00000FF4
PRODL                             00000FF3
STATUS                            00000FD8
WREG                              00000FE8
_00114_DS_                        00000034
_00120_DS_                        00000026
_ADCON0                           00000000
_ADCON0bits                       00000000
_ADCON1                           00000000
_ADCON1bits                       00000000
_ADCON2                           00000000
_ADCON2bits                       00000000
_ADRESH                           00000000
_ADRESL                           00000000
_BAUDCTL                          00000000
_BSR                              00000000
_CCP1CON                          00000000
_CCP1CONbits                      00000000
_CCPR1H                           00000000
_CCPR1L                           00000000
_ECCPAS                           00000000
_ECCPASbits                       00000000
_EEADR                            00000000
_EECON1                           00000000
_EECON1bits                       00000000
_EECON2                           00000000
_EEDATA                           00000000
_FSR0H                            00000000
_FSR0L                            00000000
_FSR1H                            00000000
_FSR1L                            00000000
_FSR2H                            00000000
_FSR2L                            00000000
_INDF0                            00000000
_INDF1                            00000000
_INDF2                            00000000
_INTCON                           00000000
_INTCON2                          00000000
_INTCON2bits                      00000000
_INTCON3                          00000000
_INTCON3bits                      00000000
_INTCONbits                       00000000
_IPR1                             00000000
_IPR1bits                         00000000
gpasm-0.13.4 beta               main.asm    11-9-2008  01:07:49          PAGE  8


LOC  OBJECT CODE     LINE SOURCE TEXT
  VALUE
 
_IPR2                             00000000
_IPR2bits                         00000000
_LATA                             00000000
_LATAbits                         00000000
_LATB                             00000000
_LATBbits                         00000000
_LVDCON                           00000000
_LVDCONbits                       00000000
_OSCCON                           00000000
_OSCCONbits                       00000000
_PCL                              00000000
_PCLATH                           00000000
_PCLATU                           00000000
_PIE1                             00000000
_PIE1bits                         00000000
_PIE2                             00000000
_PIE2bits                         00000000
_PIR1                             00000000
_PIR1bits                         00000000
_PIR2                             00000000
_PIR2bits                         00000000
_PLUSW0                           00000000
_PLUSW1                           00000000
_PLUSW2                           00000000
_PORTA                            00000000
_PORTAbits                        00000000
_PORTB                            00000000
_PORTBbits                        00000000
_POSTDEC0                         00000000
_POSTDEC1                         00000000
_POSTDEC2                         00000000
_POSTINC0                         00000000
_POSTINC1                         00000000
_POSTINC2                         00000000
_PR2                              00000000
_PREINC0                          00000000
_PREINC1                          00000000
_PREINC2                          00000000
_PRODH                            00000000
_PRODL                            00000000
_RCON                             00000000
_RCONbits                         00000000
_RCREG                            00000000
_RCSTA                            00000000
_RCSTAbits                        00000000
_SPBRG                            00000000
_SPBRGH                           00000000
_STATUS                           00000000
_STATUSbits                       00000000
_STKPTR                           00000000
_STKPTRbits                       00000000
_T0CON                            00000000
_T1CON                            00000000
_T1CONbits                        00000000
gpasm-0.13.4 beta               main.asm    11-9-2008  01:07:49          PAGE  9


LOC  OBJECT CODE     LINE SOURCE TEXT
  VALUE
 
_T2CON                            00000000
_T2CONbits                        00000000
_T3CON                            00000000
_T3CONbits                        00000000
_TABLAT                           00000000
_TBLPTRH                          00000000
_TBLPTRL                          00000000
_TBLPTRU                          00000000
_TMR0H                            00000000
_TMR0L                            00000000
_TMR1H                            00000000
_TMR1L                            00000000
_TMR2                             00000000
_TMR3H                            00000000
_TMR3L                            00000000
_TOSH                             00000000
_TOSL                             00000000
_TOSU                             00000000
_TRISA                            00000000
_TRISAbits                        00000000
_TRISB                            00000000
_TRISBbits                        00000000
_TXREG                            00000000
_TXSTA                            00000000
_TXSTAbits                        00000000
_WDTCON                           00000000
_WDTCONbits                       00000000
_WREG                             00000000
__18F1320                         00000001
___ivt_high_int                   00000008
__tmr0_handler                    00000000
_check_for_user_input             00000000
_do_meters                        00000000
_do_time_int                      00000000
_eeprom_data                      00000000
_high_int                         00000000
_hours_meter                      00000000
_init_eeprom                      00000000
_init_meters                      00000000
_init_time                        00000000
_init_user                        00000000
_main                             00000000
_mins_meter                       00000000
_non_pwm_tasks_divider            00000000
_save_eeprom_if_needed            00000000
_secs_meter                       00000000
_stack                            00000080
_stack_end                        0000009F


Errors   :       0
Warnings :       0 reported,       0 suppressed
Messages :       0 reported,       0 suppressed

